[cyan]Подготовка навыка 'Погода'[/cyan]
[green]✓ Интернет доступен[/green]
[green]✓ API работает для города Moscow[/green]INFO:root:prep.test_internet_access
INFO:root:prep.test_weather_api
INFO:root:prep.test_internet_access
INFO:root:prep.test_weather_api
2025-07-30 10:44:43,622 Testing internet access...
2025-07-30 10:44:44,333 Testing weather API...
2025-07-30 10:45:17,784 Testing internet access...
2025-07-30 10:45:18,490 Testing weather API...
2025-07-30 10:45:52,112 Testing internet access...
2025-07-30 10:45:52,840 Testing weather API...
2025-07-30 10:58:38,972 - INFO - prep.test_internet_access
2025-07-30 10:59:04,910 - INFO - prep.test_weather_api
2025-07-30 11:00:50,494 - INFO - prep.test_internet_access
2025-07-30 11:01:10,343 - INFO - prep.test_weather_api
2025-07-30 12:59:59,868 - INFO - Testing internet access...
2025-07-30 13:02:22,039 - ERROR - [i18n] lang_res() not found in C:\git\MUIV\adaos\.adaos\skills\weather_skill\prep\prepare.py
2025-07-30 13:02:22,040 - ERROR - [i18n] Key 'prep.test_internet_access' not found in skill at C:\git\MUIV\adaos\.adaos\skills\weather_skill
2025-07-30 13:02:22,040 - INFO - prep.test_internet_access
2025-07-30 13:02:22,700 - ERROR - [i18n] Key 'prep.ask_api_key' not found in skill at C:\git\MUIV\adaos\.adaos\skills\weather_skill
2025-07-30 13:04:15,743 - INFO - Testing internet access...
